<?xml version="1.0" encoding="UTF-8" ?>
<testsuite tests="6" failures="0" name="TestRailwayStationServiceImpl" time="0" errors="0" skipped="0">
  <properties>
[...]
</properties>
  <testcase classname="TestRailwayStationServiceImpl" name="testAddRailwayStation" time="0"/>
  <testcase classname="TestRailwayStationServiceImpl" name="testUpdateRailwayStation" time="0"/>
  <testcase classname="TestRailwayStationServiceImpl" name="testDeleteAll" time="0"/>
  <testcase classname="TestRailwayStationServiceImpl" name="testDeleteRailwayStationById" time="0"/>
  <testcase classname="TestRailwayStationServiceImpl" name="testGetRailwayStationById" time="0"/>
  <testcase classname="TestRailwayStationServiceImpl" name="testGetAllRailwayStations" time="0"/>
</testsuite>